{"level":"info","msg":"Starting http server on 127.0.0.1:8800","time":"2019-12-03T09:04:19+03:00","type":"http"}
{"level":"info","msg":"/hello GET 1.332µs","time":"2019-12-03T09:04:21+03:00","type":"http"}
{"level":"info","msg":"/hello GET 1.895µs","time":"2019-12-03T09:04:21+03:00","type":"http"}
{"level":"info","msg":"/hello GET 1.603µs","time":"2019-12-03T09:04:22+03:00","type":"http"}
{"level":"info","msg":"/hello GET 1.364µs","time":"2019-12-03T09:04:22+03:00","type":"http"}
{"level":"info","msg":"/hello GET 1.687µs","time":"2019-12-03T09:04:22+03:00","type":"http"}
{"level":"info","msg":"/hello GET 1.301µs","time":"2019-12-03T09:04:22+03:00","type":"http"}
{"level":"info","msg":"/hello GET 1.212µs","time":"2019-12-03T09:04:22+03:00","type":"http"}
{"level":"info","msg":"/hello GET 1.149µs","time":"2019-12-03T09:04:23+03:00","type":"http"}
{"level":"info","msg":"/hello GET 1.179µs","time":"2019-12-03T09:04:23+03:00","type":"http"}
{"level":"info","msg":"/hello GET 1.179µs","time":"2019-12-03T09:04:23+03:00","type":"http"}
{"level":"info","msg":"/hello GET 1.637µs","time":"2019-12-03T09:04:23+03:00","type":"http"}
{"level":"info","msg":"/hello GET 1.144µs","time":"2019-12-03T09:04:31+03:00","type":"http"}
{"level":"info","msg":"/hello GET 1.53µs","time":"2019-12-03T09:04:32+03:00","type":"http"}
{"level":"info","msg":"/hello GET 1.812µs","time":"2019-12-03T09:04:32+03:00","type":"http"}
{"level":"info","msg":"/hello GET 1.713µs","time":"2019-12-03T09:04:32+03:00","type":"http"}
{"level":"info","msg":"/hello GET 1.888µs","time":"2019-12-03T09:04:32+03:00","type":"http"}
{"level":"info","msg":"/hello GET 1.236µs","time":"2019-12-03T09:04:32+03:00","type":"http"}
{"level":"info","msg":"/hello GET 1.566µs","time":"2019-12-03T09:04:33+03:00","type":"http"}
{"level":"info","msg":"/hello GET 1.189µs","time":"2019-12-03T09:04:33+03:00","type":"http"}
{"level":"info","msg":"/hello GET 1.156µs","time":"2019-12-03T09:04:33+03:00","type":"http"}
{"level":"info","msg":"/hello GET 1.781µs","time":"2019-12-03T09:04:33+03:00","type":"http"}
{"level":"info","msg":"/hello GET 1.975µs","time":"2019-12-03T09:04:33+03:00","type":"http"}
{"level":"info","msg":"/hello GET 1.207µs","time":"2019-12-03T09:04:33+03:00","type":"http"}
{"level":"info","msg":"/hello GET 1.553µs","time":"2019-12-03T09:04:34+03:00","type":"http"}
{"level":"info","msg":"/hello GET 1.704µs","time":"2019-12-03T09:04:34+03:00","type":"http"}
{"level":"info","msg":"/hello GET 1.47µs","time":"2019-12-03T09:04:34+03:00","type":"http"}
{"level":"info","msg":"Starting http server on 127.0.0.1:8800","time":"2019-12-03T09:05:37+03:00","type":"http"}
{"level":"info","msg":"Starting http server on 127.0.0.1:8800","time":"2019-12-03T09:50:41+03:00","type":"http"}
{"level":"info","msg":"/hello GET 1.869µs","time":"2019-12-03T09:50:43+03:00","type":"http"}
{"level":"info","msg":"/hello GET 1.935µs","time":"2019-12-03T09:50:43+03:00","type":"http"}
{"level":"info","msg":"/hello GET 1.48µs","time":"2019-12-03T09:50:44+03:00","type":"http"}
{"level":"info","msg":"/hello GET 1.239µs","time":"2019-12-03T09:50:44+03:00","type":"http"}
{"level":"info","msg":"/hello GET 1.24µs","time":"2019-12-03T09:50:44+03:00","type":"http"}
{"level":"info","msg":"/hello GET 1.215µs","time":"2019-12-03T09:50:44+03:00","type":"http"}
{"level":"info","msg":"/hello GET 1.305µs","time":"2019-12-03T09:50:44+03:00","type":"http"}
{"level":"info","msg":"/hello GET 1.537µs","time":"2019-12-03T09:50:45+03:00","type":"http"}
{"level":"info","msg":"/hello GET 1.886µs","time":"2019-12-03T09:50:45+03:00","type":"http"}
{"level":"info","msg":"/hello GET 1.409µs","time":"2019-12-03T09:50:45+03:00","type":"http"}
{"level":"info","msg":"/hello GET 1.732µs","time":"2019-12-03T09:50:46+03:00","type":"http"}
{"level":"info","msg":"/hello GET 1.491µs","time":"2019-12-03T09:50:46+03:00","type":"http"}
{"level":"info","msg":"/hello GET 1.469µs","time":"2019-12-03T09:50:46+03:00","type":"http"}
{"level":"info","msg":"/hello GET 1.424µs","time":"2019-12-03T09:50:46+03:00","type":"http"}
{"level":"info","msg":"/hello GET 1.502µs","time":"2019-12-03T09:50:46+03:00","type":"http"}
{"level":"info","msg":"/hello GET 1.281µs","time":"2019-12-03T09:50:47+03:00","type":"http"}
{"level":"info","msg":"/hello GET 1.394µs","time":"2019-12-03T09:50:47+03:00","type":"http"}
{"level":"info","msg":"/hello GET 1.219µs","time":"2019-12-03T09:50:47+03:00","type":"http"}
{"level":"info","msg":"/hello GET 1.465µs","time":"2019-12-03T09:50:47+03:00","type":"http"}
{"level":"info","msg":"/hello GET 1.276µs","time":"2019-12-03T09:50:48+03:00","type":"http"}
{"level":"info","msg":"/hello GET 1.449µs","time":"2019-12-03T09:50:48+03:00","type":"http"}
{"level":"info","msg":"/hello GET 1.355µs","time":"2019-12-03T09:50:48+03:00","type":"http"}
{"level":"info","msg":"/hello GET 1.199µs","time":"2019-12-03T09:50:48+03:00","type":"http"}
{"level":"info","msg":"/hello GET 1.333µs","time":"2019-12-03T09:50:48+03:00","type":"http"}
{"level":"info","msg":"/hello GET 1.607µs","time":"2019-12-03T09:50:49+03:00","type":"http"}
{"level":"info","msg":"/hello GET 1.303µs","time":"2019-12-03T09:50:49+03:00","type":"http"}
{"level":"info","msg":"/hello GET 1.271µs","time":"2019-12-03T09:50:49+03:00","type":"http"}
{"level":"info","msg":"/hello GET 1.856µs","time":"2019-12-03T09:50:49+03:00","type":"http"}
{"level":"info","msg":"/hello GET 1.273µs","time":"2019-12-03T09:50:49+03:00","type":"http"}
{"level":"info","msg":"/hello GET 1.638µs","time":"2019-12-03T09:50:50+03:00","type":"http"}
{"level":"info","msg":"/hello GET 1.543µs","time":"2019-12-03T09:50:51+03:00","type":"http"}
{"level":"info","msg":"/hello GET 1.163µs","time":"2019-12-03T09:50:51+03:00","type":"http"}
{"level":"info","msg":"/hello GET 1.608µs","time":"2019-12-03T09:50:51+03:00","type":"http"}
{"level":"info","msg":"/hello GET 1.398µs","time":"2019-12-03T09:50:52+03:00","type":"http"}
{"level":"info","msg":"/hello GET 1.293µs","time":"2019-12-03T09:50:52+03:00","type":"http"}
{"level":"info","msg":"/hello GET 1.033µs","time":"2019-12-03T09:50:58+03:00","type":"http"}
{"level":"info","msg":"/hello GET 2.048µs","time":"2019-12-03T09:50:58+03:00","type":"http"}
{"level":"info","msg":"/hello GET 1.362µs","time":"2019-12-03T09:50:58+03:00","type":"http"}
{"level":"info","msg":"/hello GET 1.93µs","time":"2019-12-03T09:50:58+03:00","type":"http"}
{"level":"info","msg":"Starting http server on 127.0.0.1:8800","time":"2019-12-03T09:51:34+03:00","type":"http"}
{"level":"info","msg":"/hello GET 1.064768ms","time":"2019-12-03T09:51:36+03:00","type":"http"}
{"level":"info","msg":"/hello GET 1.080161ms","time":"2019-12-03T09:51:42+03:00","type":"http"}
{"level":"info","msg":"/hello GET 1.063161ms","time":"2019-12-03T09:51:43+03:00","type":"http"}
{"level":"info","msg":"/hello GET 1.15125ms","time":"2019-12-03T09:51:43+03:00","type":"http"}
{"level":"info","msg":"/hello GET 1.087803ms","time":"2019-12-03T09:51:43+03:00","type":"http"}
{"level":"info","msg":"Starting http server on 127.0.0.1:8800","time":"2019-12-03T09:52:33+03:00","type":"http"}
{"level":"info","msg":"/hello GET 1.369µs","time":"2019-12-03T09:52:35+03:00","type":"http"}
{"level":"info","msg":"/hello GET 1.7µs","time":"2019-12-03T09:52:35+03:00","type":"http"}
{"level":"info","msg":"/hello GET 1.328µs","time":"2019-12-03T09:52:35+03:00","type":"http"}
{"level":"info","msg":"/hello GET 1.411µs","time":"2019-12-03T09:52:36+03:00","type":"http"}
{"level":"info","msg":"/hello GET 1.635µs","time":"2019-12-03T09:52:36+03:00","type":"http"}
{"level":"info","msg":"/hello GET 1.153µs","time":"2019-12-03T09:52:36+03:00","type":"http"}
{"level":"info","msg":"/hello GET 1.163µs","time":"2019-12-03T09:52:36+03:00","type":"http"}
{"level":"info","msg":"/hello GET 1.245µs","time":"2019-12-03T09:52:36+03:00","type":"http"}
{"level":"info","msg":"/hello GET 1.098µs","time":"2019-12-03T09:52:37+03:00","type":"http"}
{"level":"info","msg":"/hello GET 1.855µs","time":"2019-12-03T09:52:37+03:00","type":"http"}
{"level":"info","msg":"/hello GET 1.292µs","time":"2019-12-03T09:52:37+03:00","type":"http"}
{"level":"info","msg":"/hello GET 1.209µs","time":"2019-12-03T09:52:37+03:00","type":"http"}
{"level":"info","msg":"/hello GET 1.285µs","time":"2019-12-03T09:52:37+03:00","type":"http"}
{"level":"info","msg":"/hello GET 1.335µs","time":"2019-12-03T09:52:38+03:00","type":"http"}
{"level":"info","msg":"/hello GET 1.313µs","time":"2019-12-03T09:52:38+03:00","type":"http"}
{"level":"info","msg":"/hello GET 1.384µs","time":"2019-12-03T09:52:38+03:00","type":"http"}
{"level":"info","msg":"/hello GET 1.48µs","time":"2019-12-03T09:52:38+03:00","type":"http"}
{"level":"info","msg":"/hello GET 1.263µs","time":"2019-12-03T09:52:38+03:00","type":"http"}
{"level":"info","msg":"/hello GET 1.828µs","time":"2019-12-03T09:52:39+03:00","type":"http"}
{"level":"info","msg":"/hello GET 1.6µs","time":"2019-12-03T09:52:39+03:00","type":"http"}
{"level":"info","msg":"/hello GET 1.408µs","time":"2019-12-03T09:52:39+03:00","type":"http"}
{"level":"info","msg":"/hello GET 1.198µs","time":"2019-12-03T09:52:39+03:00","type":"http"}
{"level":"info","msg":"/hello GET 1.159µs","time":"2019-12-03T09:52:40+03:00","type":"http"}
{"level":"info","msg":"/hello GET 1.459µs","time":"2019-12-03T09:52:40+03:00","type":"http"}
{"level":"info","msg":"/hello GET 1.49µs","time":"2019-12-03T09:52:40+03:00","type":"http"}
{"level":"info","msg":"/hello GET 1.148µs","time":"2019-12-03T09:52:40+03:00","type":"http"}
{"level":"info","msg":"/hello GET 1.189µs","time":"2019-12-03T09:52:40+03:00","type":"http"}
{"level":"info","msg":"/hello GET 1.686µs","time":"2019-12-03T09:52:41+03:00","type":"http"}
{"level":"info","msg":"/hello GET 1.587µs","time":"2019-12-03T09:52:41+03:00","type":"http"}
{"level":"info","msg":"/hello GET 1.346µs","time":"2019-12-03T09:52:41+03:00","type":"http"}
{"level":"info","msg":"/hello GET 1.316µs","time":"2019-12-03T09:52:41+03:00","type":"http"}
{"level":"info","msg":"/hello GET 1.544µs","time":"2019-12-03T09:52:42+03:00","type":"http"}
{"level":"info","msg":"/hello GET 2.284µs","time":"2019-12-03T09:52:42+03:00","type":"http"}
{"level":"info","msg":"/hello GET 1.509µs","time":"2019-12-03T09:52:42+03:00","type":"http"}
{"level":"info","msg":"/hello GET 1.661µs","time":"2019-12-03T09:52:42+03:00","type":"http"}
{"level":"info","msg":"/hello GET 1.684µs","time":"2019-12-03T09:52:42+03:00","type":"http"}
{"level":"info","msg":"/hello GET 1.663µs","time":"2019-12-03T09:52:43+03:00","type":"http"}
{"level":"info","msg":"/hello GET 1.427µs","time":"2019-12-03T09:52:43+03:00","type":"http"}
{"level":"info","msg":"/hello GET 1.211µs","time":"2019-12-03T09:52:43+03:00","type":"http"}
{"level":"info","msg":"/hello GET 15.758µs","time":"2019-12-03T09:52:43+03:00","type":"http"}
{"level":"info","msg":"/hello GET 1.462µs","time":"2019-12-03T09:52:43+03:00","type":"http"}
{"level":"info","msg":"/hello GET 1.571µs","time":"2019-12-03T09:52:44+03:00","type":"http"}
{"level":"info","msg":"/hello GET 1.19µs","time":"2019-12-03T09:52:44+03:00","type":"http"}
{"level":"info","msg":"/hello GET 1.413µs","time":"2019-12-03T09:52:44+03:00","type":"http"}
{"level":"info","msg":"/hello GET 1.256µs","time":"2019-12-03T09:52:44+03:00","type":"http"}
{"level":"info","msg":"/hello GET 1.288µs","time":"2019-12-03T09:52:45+03:00","type":"http"}
{"level":"info","msg":"/hello GET 1.652µs","time":"2019-12-03T09:52:45+03:00","type":"http"}
{"level":"info","msg":"/hello GET 1.006µs","time":"2019-12-03T09:52:45+03:00","type":"http"}
{"level":"info","msg":"/hello GET 1.245µs","time":"2019-12-03T09:52:45+03:00","type":"http"}
{"level":"info","msg":"/hello GET 1.183µs","time":"2019-12-03T09:52:45+03:00","type":"http"}
{"level":"info","msg":"/hello GET 1.587µs","time":"2019-12-03T09:52:46+03:00","type":"http"}
{"level":"info","msg":"/hello GET 1.365µs","time":"2019-12-03T09:52:46+03:00","type":"http"}
{"level":"info","msg":"/hello GET 1.211µs","time":"2019-12-03T09:52:46+03:00","type":"http"}
{"level":"info","msg":"/hello GET 1.229µs","time":"2019-12-03T09:52:46+03:00","type":"http"}
{"level":"info","msg":"/hello GET 1.618µs","time":"2019-12-03T09:52:47+03:00","type":"http"}
{"level":"info","msg":"/hello GET 1.808µs","time":"2019-12-03T09:52:47+03:00","type":"http"}
{"level":"info","msg":"/hello GET 1.48µs","time":"2019-12-03T09:52:47+03:00","type":"http"}
{"level":"info","msg":"/hello GET 1.417µs","time":"2019-12-03T09:52:47+03:00","type":"http"}
{"level":"info","msg":"/hello GET 1.216µs","time":"2019-12-03T09:52:47+03:00","type":"http"}
{"level":"info","msg":"Starting http server on 127.0.0.1:8800","time":"2019-12-03T09:59:29+03:00","type":"http"}
{"level":"info","msg":"/hello GET 1.022µs","time":"2019-12-03T09:59:34+03:00","type":"http"}
{"level":"info","msg":"/hello GET 1.45µs","time":"2019-12-03T09:59:34+03:00","type":"http"}
{"level":"info","msg":"/hello GET 1.217µs","time":"2019-12-03T09:59:34+03:00","type":"http"}
{"level":"info","msg":"/hello GET 15.653µs","time":"2019-12-03T09:59:34+03:00","type":"http"}
{"level":"info","msg":"/hello GET 1.075µs","time":"2019-12-03T09:59:35+03:00","type":"http"}
{"level":"info","msg":"/hello GET 1.283µs","time":"2019-12-03T09:59:35+03:00","type":"http"}
{"level":"info","msg":"/hello GET 1.185µs","time":"2019-12-03T09:59:35+03:00","type":"http"}
{"level":"info","msg":"/hello GET 1.476µs","time":"2019-12-03T09:59:35+03:00","type":"http"}
{"level":"info","msg":"/hello GET 1.841µs","time":"2019-12-03T09:59:35+03:00","type":"http"}
{"level":"info","msg":"/hello GET 1.567µs","time":"2019-12-03T09:59:35+03:00","type":"http"}
{"level":"info","msg":"/hello GET 1.463µs","time":"2019-12-03T09:59:36+03:00","type":"http"}
{"level":"info","msg":"/hello GET 1.45µs","time":"2019-12-03T09:59:36+03:00","type":"http"}
{"level":"info","msg":"/hello GET 1.485µs","time":"2019-12-03T09:59:36+03:00","type":"http"}
{"level":"info","msg":"Starting http server on 127.0.0.1:8800","time":"2019-12-03T10:01:14+03:00","type":"http"}
{"level":"info","msg":"/hello GET %!t(time.Duration=1124)","time":"2019-12-03T10:01:16+03:00","type":"http"}
{"level":"info","msg":"Starting http server on 127.0.0.1:8800","time":"2019-12-03T10:01:24+03:00","type":"http"}
{"level":"info","msg":"/hello GET 1444","time":"2019-12-03T10:01:26+03:00","type":"http"}
{"level":"info","msg":"/hello GET 1791","time":"2019-12-03T10:01:27+03:00","type":"http"}
{"level":"info","msg":"/hello GET 2063","time":"2019-12-03T10:01:28+03:00","type":"http"}
{"level":"info","msg":"/hello GET 1460","time":"2019-12-03T10:01:28+03:00","type":"http"}
{"level":"info","msg":"/hello GET 1744","time":"2019-12-03T10:01:28+03:00","type":"http"}
{"level":"info","msg":"/hello GET 15354","time":"2019-12-03T10:01:28+03:00","type":"http"}
{"level":"info","msg":"/hello GET 1879","time":"2019-12-03T10:01:28+03:00","type":"http"}
{"level":"info","msg":"/hello GET 1483","time":"2019-12-03T10:01:29+03:00","type":"http"}
{"level":"info","msg":"/hello GET 1629","time":"2019-12-03T10:01:29+03:00","type":"http"}
{"level":"info","msg":"/hello GET 1127","time":"2019-12-03T10:01:29+03:00","type":"http"}
{"level":"info","msg":"/hello GET 1211","time":"2019-12-03T10:01:30+03:00","type":"http"}
{"level":"info","msg":"/hello GET 1436","time":"2019-12-03T10:01:30+03:00","type":"http"}
{"level":"info","msg":"/hello GET 1516","time":"2019-12-03T10:01:30+03:00","type":"http"}
{"level":"info","msg":"/hello GET 1086","time":"2019-12-03T10:01:30+03:00","type":"http"}
{"level":"info","msg":"/hello GET 1851","time":"2019-12-03T10:01:31+03:00","type":"http"}
{"level":"info","msg":"/hello GET 1534","time":"2019-12-03T10:01:32+03:00","type":"http"}
{"level":"info","msg":"Starting http server on 127.0.0.1:8800","time":"2019-12-03T10:01:38+03:00","type":"http"}
{"level":"info","msg":"/hello GET 1.624µs","time":"2019-12-03T10:01:40+03:00","type":"http"}
{"level":"info","msg":"/hello GET 1.497µs","time":"2019-12-03T10:01:40+03:00","type":"http"}
{"level":"info","msg":"/hello GET 1.224µs","time":"2019-12-03T10:01:41+03:00","type":"http"}
{"level":"info","msg":"/hello GET 1.257µs","time":"2019-12-03T10:01:41+03:00","type":"http"}
{"level":"info","msg":"/hello GET 1.314µs","time":"2019-12-03T10:01:41+03:00","type":"http"}
{"level":"info","msg":"/hello GET 1.303µs","time":"2019-12-03T10:01:41+03:00","type":"http"}
{"level":"info","msg":"/hello GET 1.149µs","time":"2019-12-03T10:01:41+03:00","type":"http"}
{"level":"info","msg":"/hello GET 1.22µs","time":"2019-12-03T10:01:42+03:00","type":"http"}
{"level":"info","msg":"/hello GET 1.323µs","time":"2019-12-03T10:01:42+03:00","type":"http"}
{"level":"info","msg":"/hello GET 1.414µs","time":"2019-12-03T10:01:42+03:00","type":"http"}
{"level":"info","msg":"/hello GET 1.7µs","time":"2019-12-03T10:01:42+03:00","type":"http"}
{"level":"info","msg":"/hello GET 1.294µs","time":"2019-12-03T10:01:42+03:00","type":"http"}
{"level":"info","msg":"/hello GET 1.714µs","time":"2019-12-03T10:01:43+03:00","type":"http"}
{"level":"info","msg":"/hello GET 1.536µs","time":"2019-12-03T10:01:43+03:00","type":"http"}
{"level":"info","msg":"Starting http server on 127.0.0.1:8800","time":"2019-12-03T10:03:51+03:00","type":"http"}
{"level":"info","msg":"/hello GET 1.464µs","time":"2019-12-03T10:03:54+03:00","type":"http"}
{"level":"info","msg":"/hello GET 2.063µs","time":"2019-12-03T10:03:55+03:00","type":"http"}
{"level":"info","msg":"/hello GET 1.414µs","time":"2019-12-03T10:03:55+03:00","type":"http"}
{"level":"info","msg":"/hello GET 1.141µs","time":"2019-12-03T10:03:55+03:00","type":"http"}
{"level":"info","msg":"/hello GET 1.256µs","time":"2019-12-03T10:03:55+03:00","type":"http"}
{"level":"info","msg":"/hello GET 1.481µs","time":"2019-12-03T10:03:56+03:00","type":"http"}
{"level":"info","msg":"/hello GET 1.515µs","time":"2019-12-03T10:03:56+03:00","type":"http"}
{"level":"info","msg":"/hello GET 1.37µs","time":"2019-12-03T10:03:56+03:00","type":"http"}
{"level":"info","msg":"/hello GET 1.66µs","time":"2019-12-03T10:03:56+03:00","type":"http"}
{"level":"info","msg":"/hello GET 1.252µs","time":"2019-12-03T10:03:56+03:00","type":"http"}
{"level":"info","msg":"/hello GET 1.172µs","time":"2019-12-03T10:03:56+03:00","type":"http"}
{"level":"info","msg":"/hello GET 1.242µs","time":"2019-12-03T10:03:57+03:00","type":"http"}
{"level":"info","msg":"/hello GET 1.229µs","time":"2019-12-03T10:03:57+03:00","type":"http"}
{"level":"info","msg":"/hello GET 1.205µs","time":"2019-12-03T10:03:57+03:00","type":"http"}
{"level":"info","msg":"/hello GET 1.16µs","time":"2019-12-03T10:03:58+03:00","type":"http"}
{"level":"info","msg":"/hello GET 1.01µs","time":"2019-12-03T10:03:58+03:00","type":"http"}
{"level":"info","msg":"/hello GET 1.554µs","time":"2019-12-03T10:03:58+03:00","type":"http"}
{"level":"info","msg":"/hello GET 1.426µs","time":"2019-12-03T10:03:58+03:00","type":"http"}
{"level":"info","msg":"Starting http server on 127.0.0.1:8800","time":"2019-12-03T10:06:04+03:00","type":"http"}
{"level":"info","msg":"/hello GET 1.155µs","time":"2019-12-03T10:06:06+03:00","type":"http"}
{"level":"info","msg":"/hello GET 1.214µs","time":"2019-12-03T10:06:07+03:00","type":"http"}
{"level":"info","msg":"/hello GET 1.575µs","time":"2019-12-03T10:06:07+03:00","type":"http"}
{"level":"info","msg":"/hello GET 1.426µs","time":"2019-12-03T10:06:07+03:00","type":"http"}
{"level":"info","msg":"/hello GET 1.232µs","time":"2019-12-03T10:06:07+03:00","type":"http"}
{"level":"info","msg":"/hello GET 1.591µs","time":"2019-12-03T10:06:07+03:00","type":"http"}
{"level":"info","msg":"/hello GET 1.422µs","time":"2019-12-03T10:06:07+03:00","type":"http"}
{"level":"info","msg":"/hello GET 1.266µs","time":"2019-12-03T10:06:08+03:00","type":"http"}
